<?xml version="1.0" encoding="UTF-8"?>
<robot generator="Robot 7.4.2 (Python 3.9.0 on darwin)" generated="2026-04-12T15:32:08.467900" rpa="false" schemaversion="5">
<suite id="s1" name="Aamufiilis" source="/Users/benkku/Opiskelijan-UniHelper/Front-end/tests/test_cases/aamufiilis.robot">
<kw name="New Browser" type="SETUP">
<msg time="2026-04-12T15:32:08.498976" level="FAIL">No keyword with name 'New Browser' found.</msg>
<arg>chromium</arg>
<arg>headless=False</arg>
<status status="FAIL" start="2026-04-12T15:32:08.498942" elapsed="0.000078">No keyword with name 'New Browser' found.</status>
</kw>
<test id="s1-t1" name="Etusivu aukeaa" line="13">
<status status="FAIL" start="2026-04-12T15:32:08.499703" elapsed="0.000275">Parent suite setup failed:
No keyword with name 'New Browser' found.</status>
</test>
<test id="s1-t2" name="Aamufiilis-pallot näkyvissä" line="17">
<status status="FAIL" start="2026-04-12T15:32:08.500699" elapsed="0.000411">Parent suite setup failed:
No keyword with name 'New Browser' found.</status>
</test>
<test id="s1-t3" name="Voi valita punaisen" line="25">
<status status="FAIL" start="2026-04-12T15:32:08.501273" elapsed="0.000229">Parent suite setup failed:
No keyword with name 'New Browser' found.</status>
</test>
<test id="s1-t4" name="Voi valita oranssin" line="30">
<status status="FAIL" start="2026-04-12T15:32:08.501657" elapsed="0.000233">Parent suite setup failed:
No keyword with name 'New Browser' found.</status>
</test>
<test id="s1-t5" name="Voi valita keltaisen" line="35">
<status status="FAIL" start="2026-04-12T15:32:08.502104" elapsed="0.000207">Parent suite setup failed:
No keyword with name 'New Browser' found.</status>
</test>
<test id="s1-t6" name="Voi valita keltavihreän" line="40">
<status status="FAIL" start="2026-04-12T15:32:08.502451" elapsed="0.000197">Parent suite setup failed:
No keyword with name 'New Browser' found.</status>
</test>
<test id="s1-t7" name="Voi valita vihreän" line="45">
<status status="FAIL" start="2026-04-12T15:32:08.502781" elapsed="0.000183">Parent suite setup failed:
No keyword with name 'New Browser' found.</status>
</test>
<test id="s1-t8" name="Vain yksi pallo valittuna kerrallaan" line="50">
<status status="FAIL" start="2026-04-12T15:32:08.503125" elapsed="0.000272">Parent suite setup failed:
No keyword with name 'New Browser' found.</status>
</test>
<kw name="Close Browser" type="TEARDOWN">
<msg time="2026-04-12T15:32:08.505529" level="FAIL">No keyword with name 'Close Browser' found.</msg>
<status status="FAIL" start="2026-04-12T15:32:08.505403" elapsed="0.000175">No keyword with name 'Close Browser' found.</status>
</kw>
<doc>Aamufiilis-toiminnon testit</doc>
<status status="FAIL" start="2026-04-12T15:32:08.468859" elapsed="0.036777">Suite setup failed:
No keyword with name 'New Browser' found.

Also suite teardown failed:
No keyword with name 'Close Browser' found.</status>
</suite>
<statistics>
<total>
<stat pass="0" fail="8" skip="0">All Tests</stat>
</total>
<tag>
</tag>
<suite>
<stat name="Aamufiilis" id="s1" pass="0" fail="8" skip="0">Aamufiilis</stat>
</suite>
</statistics>
<errors>
<msg time="2026-04-12T15:32:08.494642" level="ERROR">Error in file '/Users/benkku/Opiskelijan-UniHelper/Front-end/tests/test_cases/aamufiilis.robot' on line 3: Importing library 'Browser' failed: ModuleNotFoundError: No module named 'Browser'
Traceback (most recent call last):
  None
PYTHONPATH:
  /Library/Frameworks/Python.framework/Versions/3.9/bin
  /Library/Frameworks/Python.framework/Versions/3.9/lib/python39.zip
  /Library/Frameworks/Python.framework/Versions/3.9/lib/python3.9
  /Library/Frameworks/Python.framework/Versions/3.9/lib/python3.9/lib-dynload
  /Users/benkku/Library/Python/3.9/lib/python/site-packages
  /Library/Frameworks/Python.framework/Versions/3.9/lib/python3.9/site-packages</msg>
<msg time="2026-04-12T15:32:08.496641" level="ERROR">Error in file '/Users/benkku/Opiskelijan-UniHelper/Front-end/tests/resources/keywords.robot' on line 2: Importing library 'Browser' failed: ModuleNotFoundError: No module named 'Browser'
Traceback (most recent call last):
  None
PYTHONPATH:
  /Library/Frameworks/Python.framework/Versions/3.9/bin
  /Library/Frameworks/Python.framework/Versions/3.9/lib/python39.zip
  /Library/Frameworks/Python.framework/Versions/3.9/lib/python3.9
  /Library/Frameworks/Python.framework/Versions/3.9/lib/python3.9/lib-dynload
  /Users/benkku/Library/Python/3.9/lib/python/site-packages
  /Library/Frameworks/Python.framework/Versions/3.9/lib/python3.9/site-packages</msg>
</errors>
</robot>
